<component name="libraryTable">
  <library name="junit_4.12">
    <CLASSES>
      <root url="jar://$PROJECT_DIR$/mybatis_ontomany/lib/junit_4.12.jar!/" />
      <root url="jar://$PROJECT_DIR$/mybatis_ontomany/lib/log4j-1.2.17.jar!/" />
      <root url="jar://$PROJECT_DIR$/mybatis_ontomany/lib/mybatis-3.5.1.jar!/" />
      <root url="jar://$PROJECT_DIR$/mybatis_ontomany/lib/mysql-connector-java-5.1.7-bin.jar!/" />
      <root url="jar://$PROJECT_DIR$/mybatis_ontomany/lib/org.hamcrest.core_1.3.0.jar!/" />
    </CLASSES>
    <JAVADOC />
    <SOURCES />
  </library>
</component>